@I [HLS-0] Workspace C:/Users/Stavros/Imperial/2ndTerm/ADSD/Part2/git_files/CORDIC_design/cordic_hls/solution1 opened at Wed Feb 21 03:23:37 +0000 2018
@I [HLS-100] Command "config_clock -quiet -name default -period 10 -default=false "
@I [SYN-201] Setting up clock 'default' with a period of 10ns.
@I [HLS-100] Command 'config_clock' returned 0; elapsed 0Total elapsed time: 0.518 sec.
@I [HLS-100] Command "open_platform DefaultPlatform "
@I [HLS-100] Command 'open_platform' returned 0; elapsed 0Total elapsed time: 0.520 sec.
@I [HLS-100] Command "import_lib C:/Xilinx/Vivado_HLS/2016.2/common/technology/xilinx/zynq/zynq "
@I [HLS-100] Command "source C:/Xilinx/Vivado_HLS/2016.2/common/technology/xilinx/common/xilinx.lib "
@I [HLS-100] Command "source C:/Xilinx/Vivado_HLS/2016.2/common/technology/xilinx/interface/xilinx_interface.lib "
@I [HLS-100] Command "source C:/Xilinx/Vivado_HLS/2016.2/common/technology/xilinx/interface/plb46.lib "
@I [HLS-100] Command 'ap_source' returned 0; elapsed 0Total elapsed time: 0.521 sec.
@I [HLS-100] Command "source C:/Xilinx/Vivado_HLS/2016.2/common/technology/xilinx/interface/fsl.lib "
@I [HLS-100] Command 'ap_source' returned 0; elapsed 0Total elapsed time: 0.522 sec.
@I [HLS-100] Command "source C:/Xilinx/Vivado_HLS/2016.2/common/technology/xilinx/interface/axi4.lib "
@I [HLS-100] Command 'ap_source' returned 0; elapsed 0Total elapsed time: 0.522 sec.
@I [HLS-100] Command "source C:/Xilinx/Vivado_HLS/2016.2/common/technology/xilinx/interface/maxi.lib "
@I [HLS-100] Command 'ap_source' returned 0; elapsed 0.001Total elapsed time: 0.523 sec.
@I [HLS-100] Command "source C:/Xilinx/Vivado_HLS/2016.2/common/technology/xilinx/interface/saxilite.lib "
@I [HLS-100] Command 'ap_source' returned 0; elapsed 0Total elapsed time: 0.523 sec.
@I [HLS-100] Command 'ap_source' returned 0; elapsed 0.002Total elapsed time: 0.523 sec.
@I [HLS-100] Command "source C:/Xilinx/Vivado_HLS/2016.2/common/technology/xilinx/common/dsp48.lib "
@I [HLS-100] Command 'ap_source' returned 0; elapsed 0.001Total elapsed time: 0.524 sec.
@I [HLS-100] Command "source C:/Xilinx/Vivado_HLS/2016.2/common/technology/xilinx/ip/dds_compiler.lib "
@I [HLS-100] Command 'ap_source' returned 0; elapsed 0.001Total elapsed time: 0.525 sec.
@I [HLS-100] Command "source C:/Xilinx/Vivado_HLS/2016.2/common/technology/xilinx/ip/xfft.lib "
@I [HLS-100] Command 'ap_source' returned 0; elapsed 0Total elapsed time: 0.525 sec.
@I [HLS-100] Command "source C:/Xilinx/Vivado_HLS/2016.2/common/technology/xilinx/ip/xfir.lib "
@I [HLS-100] Command 'ap_source' returned 0; elapsed 0.001Total elapsed time: 0.526 sec.
@I [HLS-100] Command 'ap_source' returned 0; elapsed 0.007Total elapsed time: 0.527 sec.
@I [HLS-100] Command "source C:/Xilinx/Vivado_HLS/2016.2/common/technology/xilinx/common/xilinx_old.lib "
@I [HLS-100] Command 'ap_source' returned 0; elapsed 0.001Total elapsed time: 0.529 sec.
@I [HLS-100] Command "source C:/Xilinx/Vivado_HLS/2016.2/common/technology/xilinx/common/xilinx_vivado.lib "
@I [HLS-100] Command 'ap_source' returned 0; elapsed 0Total elapsed time: 0.529 sec.
@I [HLS-100] Command "source C:/Xilinx/Vivado_HLS/2016.2/common/technology/xilinx/common/xilinx.hlp "
@I [HLS-100] Command "source C:/Xilinx/Vivado_HLS/2016.2/common/technology/xilinx/common/target_info.tcl "
@I [HLS-100] Command 'ap_source' returned 0; elapsed 0Total elapsed time: 0.535 sec.
@I [HLS-100] Command "source C:/Xilinx/Vivado_HLS/2016.2/common/technology/xilinx/interface/xilinx_interface.hlp "
@I [HLS-100] Command "source C:/Xilinx/Vivado_HLS/2016.2/common/technology/xilinx/interface/maxi.hlp "
@I [HLS-100] Command 'ap_source' returned 0; elapsed 0Total elapsed time: 0.536 sec.
@I [HLS-100] Command "source C:/Xilinx/Vivado_HLS/2016.2/common/technology/xilinx/interface/saxilite.hlp "
@I [HLS-100] Command 'ap_source' returned 0; elapsed 0.001Total elapsed time: 0.537 sec.
@I [HLS-100] Command 'ap_source' returned 0; elapsed 0.001Total elapsed time: 0.537 sec.
@I [HLS-100] Command "source C:/Xilinx/Vivado_HLS/2016.2/common/technology/xilinx/common/dsp48.hlp "
@I [HLS-100] Command 'ap_source' returned 0; elapsed 0.001Total elapsed time: 0.538 sec.
@I [HLS-100] Command 'ap_source' returned 0; elapsed 0.005Total elapsed time: 0.539 sec.
@I [HLS-100] Command "source C:/Xilinx/Vivado_HLS/2016.2/common/technology/xilinx/zynq/dsp48e1.hlp "
@I [HLS-100] Command 'ap_source' returned 0; elapsed 0.001Total elapsed time: 0.540 sec.
@I [HLS-100] Command "get_default_platform "
@I [HLS-100] Command 'get_default_platform' returned 0; elapsed 0Total elapsed time: 0.540 sec.
@I [HLS-100] Command "config_chip_info -quiet -resource  {SLICE 13300}  {LUT 53200}     {FF 106400} {DSP48E 220}   {BRAM 280}  "
@I [HLS-100] Command 'config_chip_info' returned 0; elapsed 0.001Total elapsed time: 0.541 sec.
@I [HLS-100] Command "config_chip_info -quiet -speed medium "
@I [HLS-100] Command 'config_chip_info' returned 0; elapsed 0Total elapsed time: 0.541 sec.
@I [HLS-100] Command 'import_lib' returned 0; elapsed 0.022Total elapsed time: 0.542 sec.
@I [HLS-100] Command "source C:/Xilinx/Vivado_HLS/2016.2/common/technology/xilinx/zynq/zynq.gen "
@I [HLS-100] Command "source C:/Xilinx/Vivado_HLS/2016.2/common/technology/xilinx/common/virtex.gen "
@I [HLS-100] Command "source C:/Xilinx/Vivado_HLS/2016.2/common/technology/xilinx/common/xilinx.gen "
@I [HLS-100] Command "source C:/Xilinx/Vivado_HLS/2016.2/common/technology/xilinx/interface/plb46.gen "
@I [HLS-100] Command 'ap_source' returned 0; elapsed 0.001Total elapsed time: 0.545 sec.
@I [HLS-100] Command "source C:/Xilinx/Vivado_HLS/2016.2/common/technology/xilinx/interface/fsl.gen "
@I [HLS-100] Command 'ap_source' returned 0; elapsed 0.001Total elapsed time: 0.546 sec.
@I [HLS-100] Command "source C:/Xilinx/Vivado_HLS/2016.2/common/technology/xilinx/interface/axi4.gen "
@I [HLS-100] Command 'ap_source' returned 0; elapsed 0.003Total elapsed time: 0.549 sec.
@I [HLS-100] Command "source C:/Xilinx/Vivado_HLS/2016.2/common/technology/xilinx/interface/nativeAXI4.gen "
@I [HLS-100] Command "source C:/Xilinx/Vivado_HLS/2016.2/common/technology/xilinx/interface/saxilite.gen "
@I [HLS-100] Command 'ap_source' returned 0; elapsed 0.003Total elapsed time: 0.553 sec.
@I [HLS-100] Command "source C:/Xilinx/Vivado_HLS/2016.2/common/technology/xilinx/interface/maxi.gen "
@I [HLS-100] Command 'ap_source' returned 0; elapsed 0.009Total elapsed time: 0.562 sec.
@I [HLS-100] Command 'ap_source' returned 0; elapsed 0.014Total elapsed time: 0.562 sec.
@I [HLS-100] Command "source C:/Xilinx/Vivado_HLS/2016.2/common/technology/xilinx/scripts/xilinxcoregen.gen "
@I [HLS-100] Command 'ap_source' returned 0; elapsed 0.01Total elapsed time: 0.572 sec.
@I [HLS-100] Command "source C:/Xilinx/Vivado_HLS/2016.2/common/technology/xilinx/interface/XilEDKCoreGen.gen "
@I [HLS-100] Command 'ap_source' returned 0; elapsed 0.007Total elapsed time: 0.580 sec.
@I [HLS-100] Command "source C:/Xilinx/Vivado_HLS/2016.2/common/technology/xilinx/ip/dds_compiler.gen "
@I [HLS-100] Command 'ap_source' returned 0; elapsed 0.003Total elapsed time: 0.585 sec.
@I [HLS-100] Command "source C:/Xilinx/Vivado_HLS/2016.2/common/technology/xilinx/ip/util.gen "
@I [HLS-100] Command 'ap_source' returned 0; elapsed 0Total elapsed time: 0.586 sec.
@I [HLS-100] Command "source C:/Xilinx/Vivado_HLS/2016.2/common/technology/xilinx/ip/xfft.gen "
@I [HLS-100] Command 'ap_source' returned 0; elapsed 0.092Total elapsed time: 0.678 sec.
@I [HLS-100] Command "source C:/Xilinx/Vivado_HLS/2016.2/common/technology/xilinx/ip/xfir.gen "
@I [HLS-100] Command 'ap_source' returned 0; elapsed 0.001Total elapsed time: 0.679 sec.
@I [HLS-100] Command 'ap_source' returned 0; elapsed 0.135Total elapsed time: 0.679 sec.
@I [HLS-100] Command "source C:/Xilinx/Vivado_HLS/2016.2/common/technology/xilinx/common/dsp48.gen "
@I [HLS-100] Command 'ap_source' returned 0; elapsed 0Total elapsed time: 0.681 sec.
@I [HLS-100] Command 'ap_source' returned 0; elapsed 0.138Total elapsed time: 0.681 sec.
@I [HLS-100] Command 'ap_source' returned 0; elapsed 0.14Total elapsed time: 0.682 sec.
@I [HLS-100] Command "open_platform DefaultPlatform "
@I [HLS-100] Command 'open_platform' returned 0; elapsed 0Total elapsed time: 0.682 sec.
@I [HLS-100] Command "import_lib C:/Xilinx/Vivado_HLS/2016.2/common/technology/xilinx/zynq/zynq_fpv6 "
@I [HLS-100] Command "source C:/Xilinx/Vivado_HLS/2016.2/common/technology/xilinx/common/xilinx_fpv7.lib "
@I [HLS-100] Command "source C:/Xilinx/Vivado_HLS/2016.2/common/technology/xilinx/common/xilinx_hp.lib "
@I [HLS-100] Command 'ap_source' returned 0; elapsed 0.001Total elapsed time: 0.684 sec.
@I [HLS-100] Command 'ap_source' returned 0; elapsed 0.002Total elapsed time: 0.685 sec.
@I [HLS-100] Command "source C:/Xilinx/Vivado_HLS/2016.2/common/technology/xilinx/common/xilinx_fpv.hlp "
@I [HLS-100] Command "source C:/Xilinx/Vivado_HLS/2016.2/common/technology/xilinx/common/xilinx.hlp "
@I [HLS-100] Command "source C:/Xilinx/Vivado_HLS/2016.2/common/technology/xilinx/common/target_info.tcl "
@I [HLS-100] Command 'ap_source' returned 0; elapsed 0.004Total elapsed time: 0.695 sec.
@I [HLS-100] Command "source C:/Xilinx/Vivado_HLS/2016.2/common/technology/xilinx/interface/xilinx_interface.hlp "
@I [HLS-100] Command "source C:/Xilinx/Vivado_HLS/2016.2/common/technology/xilinx/interface/maxi.hlp "
@I [HLS-100] Command 'ap_source' returned 0; elapsed 0Total elapsed time: 0.696 sec.
@I [HLS-100] Command "source C:/Xilinx/Vivado_HLS/2016.2/common/technology/xilinx/interface/saxilite.hlp "
@I [HLS-100] Command 'ap_source' returned 0; elapsed 0Total elapsed time: 0.696 sec.
@I [HLS-100] Command 'ap_source' returned 0; elapsed 0.001Total elapsed time: 0.696 sec.
@I [HLS-100] Command "source C:/Xilinx/Vivado_HLS/2016.2/common/technology/xilinx/common/dsp48.hlp "
@I [HLS-100] Command 'ap_source' returned 0; elapsed 0Total elapsed time: 0.697 sec.
@I [HLS-100] Command 'ap_source' returned 0; elapsed 0.007Total elapsed time: 0.698 sec.
@I [HLS-100] Command 'ap_source' returned 0; elapsed 0.008Total elapsed time: 0.698 sec.
@I [HLS-100] Command "source C:/Xilinx/Vivado_HLS/2016.2/common/technology/xilinx/zynq/zynq_hp.hlp "
@I [HLS-100] Command 'ap_source' returned 0; elapsed 0.001Total elapsed time: 0.700 sec.
@I [HLS-100] Command 'import_lib' returned 0; elapsed 0.021Total elapsed time: 0.703 sec.
@I [HLS-100] Command "source C:/Xilinx/Vivado_HLS/2016.2/common/technology/xilinx/zynq/zynq_fpv6.gen "
@I [HLS-100] Command "source C:/Xilinx/Vivado_HLS/2016.2/common/technology/xilinx/common/xilinx_fpv6.gen "
@I [HLS-100] Command 'ap_source' returned 0; elapsed 0.002Total elapsed time: 0.706 sec.
@I [HLS-100] Command 'ap_source' returned 0; elapsed 0.002Total elapsed time: 0.706 sec.
@I [HLS-100] Command "set_part xc7z020clg484-1 "
@I [HLS-100] Command "add_library xilinx/zynq/zynq:xc7z020:clg484:-1 "
@I [HLS-100] Command "get_default_platform "
@I [HLS-100] Command 'get_default_platform' returned 0; elapsed 0Total elapsed time: 0.710 sec.
@I [HLS-100] Command "license_isbetapart xc7z020 "
@I [HLS-100] Command 'license_isbetapart' returned 1; elapsed 0.015Total elapsed time: 0.725 sec.
@I [HLS-100] Command "get_default_platform "
@I [HLS-100] Command 'get_default_platform' returned 0; elapsed 0Total elapsed time: 0.730 sec.
@I [HLS-100] Command "config_chip_info -quiet -resource  {SLICE 13300}  {LUT 53200}     {FF 106400} {DSP48E 220}   {BRAM 280}  "
@I [HLS-100] Command 'config_chip_info' returned 0; elapsed 0Total elapsed time: 0.731 sec.
@I [HLS-100] Command "config_chip_info -quiet -speed slow "
@I [HLS-100] Command 'config_chip_info' returned 0; elapsed 0Total elapsed time: 0.732 sec.
@I [HLS-100] Command 'add_library' returned 0; elapsed 0.032Total elapsed time: 0.741 sec.
@I [HLS-100] Command "add_library xilinx/zynq/zynq_fpv6 "
@I [HLS-100] Command "get_default_platform "
@I [HLS-100] Command 'get_default_platform' returned 0; elapsed 0Total elapsed time: 0.743 sec.
@I [HLS-100] Command 'add_library' returned 0; elapsed 0.004Total elapsed time: 0.746 sec.
@I [HLS-10] Setting target device to 'xc7z020clg484-1'
@I [HLS-100] Command 'set_part' returned 0; elapsed 0.042Total elapsed time: 0.749 sec.
@I [HLS-100] Command "get_default_platform "
@I [HLS-100] Command 'get_default_platform' returned 0; elapsed 0Total elapsed time: 0.750 sec.
@I [HLS-100] Command "config_chip_info -quiet -resource  {SLICE 13300}  {LUT 53200}     {FF 106400} {DSP48E 220}   {BRAM 280}  "
@I [HLS-100] Command 'config_chip_info' returned 0; elapsed 0Total elapsed time: 0.750 sec.
@I [HLS-100] Command "config_chip_info -quiet -speed slow "
@I [HLS-100] Command 'config_chip_info' returned 0; elapsed 0Total elapsed time: 0.751 sec.
@I [HLS-100] Command 'open_solution' returned 0; elapsed 0.259Total elapsed time: 0.753 sec.
@I [HLS-100] Command "cosim_design "
@I [HLS-100] Command "source C:/Users/Stavros/Imperial/2ndTerm/ADSD/Part2/git_files/CORDIC_design/cordic_hls/solution1/.autopilot/db/global.setting.tcl "
@I [HLS-100] Command 'ap_source' returned 0; elapsed 0.001Total elapsed time: 0.760 sec.
@I [HLS-100] Command "source C:/Users/Stavros/Imperial/2ndTerm/ADSD/Part2/git_files/CORDIC_design/cordic_hls/solution1/.autopilot/db/global.setting.tcl "
@I [HLS-100] Command 'ap_source' returned 0; elapsed 0.001Total elapsed time: 0.770 sec.
@I [HLS-100] Command "source C:/Users/Stavros/Imperial/2ndTerm/ADSD/Part2/git_files/CORDIC_design/cordic_hls/solution1/.autopilot/db/global.setting.tcl "
@I [HLS-100] Command 'ap_source' returned 0; elapsed 0.001Total elapsed time: 0.808 sec.
@I [HLS-100] Command "source C:/Xilinx/Vivado_HLS/2016.2/common/technology/generic/autopilot/common.gen "
@I [HLS-100] Command "source C:/Xilinx/Vivado_HLS/2016.2/common/technology/generic/autopilot/APCoreGen.gen "
@I [HLS-100] Command 'ap_source' returned 0; elapsed 0Total elapsed time: 0.811 sec.
@I [HLS-100] Command 'ap_source' returned 0; elapsed 0.002Total elapsed time: 0.812 sec.
@I [HLS-100] Command "source C:/Xilinx/Vivado_HLS/2016.2/common/technology/generic/autopilot/op.gen "
@I [HLS-100] Command 'ap_source' returned 0; elapsed 0.001Total elapsed time: 0.813 sec.
@I [HLS-100] Command "source C:/Xilinx/Vivado_HLS/2016.2/common/technology/generic/autopilot/op_simcore.gen "
@I [HLS-100] Command 'ap_source' returned 0; elapsed 0.001Total elapsed time: 0.814 sec.
@I [HLS-100] Command "source C:/Xilinx/Vivado_HLS/2016.2/common/technology/generic/autopilot/interface.gen "
@I [HLS-100] Command 'ap_source' returned 0; elapsed 0Total elapsed time: 0.815 sec.
@I [HLS-100] Command "source C:/Users/Stavros/Imperial/2ndTerm/ADSD/Part2/git_files/CORDIC_design/cordic_hls/solution1/.autopilot/db/global.setting.tcl "
@I [HLS-100] Command 'ap_source' returned 0; elapsed 0.001Total elapsed time: 0.816 sec.
@I [HLS-100] Command "source C:/Xilinx/Vivado_HLS/2016.2/common/technology/xilinx/zynq/zynq.gen "
@I [HLS-100] Command "source C:/Xilinx/Vivado_HLS/2016.2/common/technology/xilinx/common/virtex.gen "
@I [HLS-100] Command "source C:/Xilinx/Vivado_HLS/2016.2/common/technology/xilinx/common/xilinx.gen "
@I [HLS-100] Command "source C:/Xilinx/Vivado_HLS/2016.2/common/technology/xilinx/interface/plb46.gen "
@I [HLS-100] Command 'ap_source' returned 0; elapsed 0.002Total elapsed time: 0.819 sec.
@I [HLS-100] Command "source C:/Xilinx/Vivado_HLS/2016.2/common/technology/xilinx/interface/fsl.gen "
@I [HLS-100] Command 'ap_source' returned 0; elapsed 0.001Total elapsed time: 0.820 sec.
@I [HLS-100] Command "source C:/Xilinx/Vivado_HLS/2016.2/common/technology/xilinx/interface/axi4.gen "
@I [HLS-100] Command 'ap_source' returned 0; elapsed 0.002Total elapsed time: 0.822 sec.
@I [HLS-100] Command "source C:/Xilinx/Vivado_HLS/2016.2/common/technology/xilinx/interface/nativeAXI4.gen "
@I [HLS-100] Command "source C:/Xilinx/Vivado_HLS/2016.2/common/technology/xilinx/interface/saxilite.gen "
@I [HLS-100] Command 'ap_source' returned 0; elapsed 0.004Total elapsed time: 0.827 sec.
@I [HLS-100] Command "source C:/Xilinx/Vivado_HLS/2016.2/common/technology/xilinx/interface/maxi.gen "
@I [HLS-100] Command 'ap_source' returned 0; elapsed 0.008Total elapsed time: 0.836 sec.
@I [HLS-100] Command 'ap_source' returned 0; elapsed 0.013Total elapsed time: 0.836 sec.
@I [HLS-100] Command "source C:/Xilinx/Vivado_HLS/2016.2/common/technology/xilinx/scripts/xilinxcoregen.gen "
@I [HLS-100] Command 'ap_source' returned 0; elapsed 0.011Total elapsed time: 0.847 sec.
@I [HLS-100] Command "source C:/Xilinx/Vivado_HLS/2016.2/common/technology/xilinx/interface/XilEDKCoreGen.gen "
@I [HLS-100] Command 'ap_source' returned 0; elapsed 0.011Total elapsed time: 0.859 sec.
@I [HLS-100] Command "source C:/Xilinx/Vivado_HLS/2016.2/common/technology/xilinx/ip/dds_compiler.gen "
@I [HLS-100] Command 'ap_source' returned 0; elapsed 0.003Total elapsed time: 0.863 sec.
@I [HLS-100] Command "source C:/Xilinx/Vivado_HLS/2016.2/common/technology/xilinx/ip/util.gen "
@I [HLS-100] Command 'ap_source' returned 0; elapsed 0Total elapsed time: 0.864 sec.
@I [HLS-100] Command "source C:/Xilinx/Vivado_HLS/2016.2/common/technology/xilinx/ip/xfft.gen "
@I [HLS-100] Command 'ap_source' returned 0; elapsed 0.094Total elapsed time: 0.957 sec.
@I [HLS-100] Command "source C:/Xilinx/Vivado_HLS/2016.2/common/technology/xilinx/ip/xfir.gen "
@I [HLS-100] Command 'ap_source' returned 0; elapsed 0.001Total elapsed time: 0.959 sec.
@I [HLS-100] Command 'ap_source' returned 0; elapsed 0.143Total elapsed time: 0.960 sec.
@I [HLS-100] Command "source C:/Xilinx/Vivado_HLS/2016.2/common/technology/xilinx/common/dsp48.gen "
@I [HLS-100] Command 'ap_source' returned 0; elapsed 0.001Total elapsed time: 0.962 sec.
@I [HLS-100] Command 'ap_source' returned 0; elapsed 0.146Total elapsed time: 0.963 sec.
@I [HLS-100] Command 'ap_source' returned 0; elapsed 0.147Total elapsed time: 0.963 sec.
@I [HLS-100] Command "source C:/Xilinx/Vivado_HLS/2016.2/common/technology/xilinx/zynq/zynq_fpv6.gen "
@I [HLS-100] Command "source C:/Xilinx/Vivado_HLS/2016.2/common/technology/xilinx/common/xilinx_fpv6.gen "
@I [HLS-100] Command 'ap_source' returned 0; elapsed 0.004Total elapsed time: 0.967 sec.
@I [HLS-100] Command 'ap_source' returned 0; elapsed 0.007Total elapsed time: 0.970 sec.
@I [HLS-100] Command "source C:/Users/Stavros/Imperial/2ndTerm/ADSD/Part2/git_files/CORDIC_design/cordic_hls/solution1/.autopilot/db/global.setting.tcl "
@I [HLS-100] Command 'ap_source' returned 0; elapsed 0.001Total elapsed time: 0.974 sec.
@I [HLS-100] Command "source C:/Users/Stavros/Imperial/2ndTerm/ADSD/Part2/git_files/CORDIC_design/cordic_hls/solution1/.autopilot/db/coshsinh_cordic.rtl_wrap.cfg.tcl "
@I [HLS-100] Command 'ap_source' returned 0; elapsed 0.001Total elapsed time: 0.977 sec.
@I [HLS-100] Command "source C:/Users/Stavros/Imperial/2ndTerm/ADSD/Part2/git_files/CORDIC_design/cordic_hls/solution1/.autopilot/db/coshsinh_cordic.tbgen.tcl "
@I [HLS-100] Command 'ap_source' returned 0; elapsed 0.001Total elapsed time: 0.980 sec.
@I [HLS-100] Command "is_encrypted C:/Users/Stavros/Imperial/2ndTerm/ADSD/Part2/git_files/CORDIC_design/out.gold.dat "
@I [HLS-100] Command 'is_encrypted' returned 0; elapsed 0Total elapsed time: 0.994 sec.
@I [HLS-100] Command "is_encrypted C:/Users/Stavros/Imperial/2ndTerm/ADSD/Part2/git_files/CORDIC_design/in.gold.dat "
@I [HLS-100] Command 'is_encrypted' returned 0; elapsed 0Total elapsed time: 0.995 sec.
@I [HLS-100] Command "is_encrypted C:/Users/Stavros/Imperial/2ndTerm/ADSD/Part2/git_files/CORDIC_design/cordic_tb.cpp "
@I [HLS-100] Command 'is_encrypted' returned 0; elapsed 0Total elapsed time: 0.995 sec.
@I [HLS-100] Command "is_encrypted C:/Users/Stavros/Imperial/2ndTerm/ADSD/Part2/git_files/CORDIC_design/cordic.cpp "
@I [HLS-100] Command 'is_encrypted' returned 0; elapsed 0Total elapsed time: 0.996 sec.
@I [HLS-100] Command "source C:/Users/Stavros/Imperial/2ndTerm/ADSD/Part2/git_files/CORDIC_design/cordic_hls/solution1/.autopilot/db/coshsinh_cordic.tbgen.tcl "
@I [HLS-100] Command 'ap_source' returned 0; elapsed 0.001Total elapsed time: 0.998 sec.
@I [HLS-100] Command "source C:/Users/Stavros/Imperial/2ndTerm/ADSD/Part2/git_files/CORDIC_design/cordic_hls/solution1/.autopilot/db/coshsinh_cordic.tbgen.tcl "
@I [HLS-100] Command 'ap_source' returned 0; elapsed 0.001Total elapsed time: 0.999 sec.
@I [COSIM-47] Using XSIM for RTL simulation.
@I [COSIM-14] Instrumenting C test bench ...
@I [HLS-100] Command "source C:/Users/Stavros/Imperial/2ndTerm/ADSD/Part2/git_files/CORDIC_design/cordic_hls/solution1/.autopilot/db/coshsinh_cordic.rtl_wrap.cfg.tcl "
@I [HLS-100] Command 'ap_source' returned 0; elapsed 0.002Total elapsed time: 1.40 sec.
@I [HLS-100] Command "source C:/Users/Stavros/Imperial/2ndTerm/ADSD/Part2/git_files/CORDIC_design/cordic_hls/solution1/.autopilot/db/coshsinh_cordic.rtl_wrap.cfg.tcl "
@I [HLS-100] Command 'ap_source' returned 0; elapsed 0.001Total elapsed time: 1.42 sec.
@I [HLS-100] Command "source C:/Users/Stavros/Imperial/2ndTerm/ADSD/Part2/git_files/CORDIC_design/cordic_hls/solution1/.autopilot/db/coshsinh_cordic.rtl_wrap.cfg.tcl "
@I [HLS-100] Command 'ap_source' returned 0; elapsed 0.001Total elapsed time: 1.44 sec.
@I [HLS-100] Command "source C:/Users/Stavros/Imperial/2ndTerm/ADSD/Part2/git_files/CORDIC_design/cordic_hls/solution1/.autopilot/db/coshsinh_cordic.tbgen.tcl "
@I [HLS-100] Command 'ap_source' returned 0; elapsed 0.001Total elapsed time: 1.46 sec.
@I [HLS-100] Command "source C:/Users/Stavros/Imperial/2ndTerm/ADSD/Part2/git_files/CORDIC_design/cordic_hls/solution1/.autopilot/db/coshsinh_cordic.tbgen.tcl "
@I [HLS-100] Command 'ap_source' returned 0; elapsed 0Total elapsed time: 1.47 sec.
@I [HLS-0] Marker-Pragma convertor: C:/Users/Stavros/Imperial/2ndTerm/ADSD/Part2/git_files/CORDIC_design/cordic_hls/solution1/./sim/autowrap/testbench/cordic_tb.cpp_pre.cpp C:/Users/Stavros/Imperial/2ndTerm/ADSD/Part2/git_files/CORDIC_design/cordic_hls/solution1/./sim/autowrap/testbench/cordic_tb.cpp_pre.cpp.line.cpp ./sim/autowrap/testbench/line.tmp 1
@I [HLS-0] Marker-Pragma convertor: ./sim/autowrap/testbench/cordic_tb.cpp_pre.cpp.tb.cpp.line ./sim/autowrap/testbench/cordic_tb.cpp_pre.cpp.tb.cpp ./sim/autowrap/testbench/line.tmp 0
@I [HLS-0] Marker-Pragma convertor: C:/Users/Stavros/Imperial/2ndTerm/ADSD/Part2/git_files/CORDIC_design/cordic_hls/solution1/./sim/autowrap/testbench/cordic.cpp_pre.cpp C:/Users/Stavros/Imperial/2ndTerm/ADSD/Part2/git_files/CORDIC_design/cordic_hls/solution1/./sim/autowrap/testbench/cordic.cpp_pre.cpp.line.cpp ./sim/autowrap/testbench/line.tmp 1
@I [HLS-0] Marker-Pragma convertor: ./sim/autowrap/testbench/cordic.cpp_pre.cpp.tb.cpp.line ./sim/autowrap/testbench/cordic.cpp_pre.cpp.tb.cpp ./sim/autowrap/testbench/line.tmp 0
@I [HLS-100] Command "source .run_sim.tcl "
@I [COSIM-302] Starting C TB testing ... 
@I [HLS-100] Command 'ap_source' returned 0; elapsed 0.203Total elapsed time: 13.281 sec.
@I [COSIM-333] Generating C post check test bench ...
@I [COSIM-12] Generating RTL test bench ...
@I [HLS-100] Command "source C:/Users/Stavros/Imperial/2ndTerm/ADSD/Part2/git_files/CORDIC_design/cordic_hls/solution1/.autopilot/db/coshsinh_cordic.tbgen.tcl "
@I [HLS-100] Command 'ap_source' returned 0; elapsed 0.001Total elapsed time: 13.340 sec.
@I [HLS-100] Command "source C:/Users/Stavros/Imperial/2ndTerm/ADSD/Part2/git_files/CORDIC_design/cordic_hls/solution1/.autopilot/db/coshsinh_cordic.tbgen.tcl "
@I [HLS-100] Command 'ap_source' returned 0; elapsed 0.001Total elapsed time: 13.342 sec.
@I [HLS-100] Command "source C:/Users/Stavros/Imperial/2ndTerm/ADSD/Part2/git_files/CORDIC_design/cordic_hls/solution1/.autopilot/db/coshsinh_cordic.tbgen.tcl "
@I [HLS-100] Command 'ap_source' returned 0; elapsed 0.001Total elapsed time: 13.343 sec.
@I [HLS-100] Command "source C:/Users/Stavros/Imperial/2ndTerm/ADSD/Part2/git_files/CORDIC_design/cordic_hls/solution1/.autopilot/db/coshsinh_cordic.tbgen.tcl "
@I [HLS-100] Command 'ap_source' returned 0; elapsed 0.001Total elapsed time: 13.344 sec.
@I [HLS-100] Command "source ../tv/cdatafile/ref.tcl "
@I [HLS-100] Command 'ap_source' returned 0; elapsed 0.001Total elapsed time: 13.345 sec.
@I [HLS-100] Command "source C:/Users/Stavros/Imperial/2ndTerm/ADSD/Part2/git_files/CORDIC_design/cordic_hls/solution1/.autopilot/db/coshsinh_cordic.tbgen.tcl "
@I [HLS-100] Command 'ap_source' returned 0; elapsed 0.001Total elapsed time: 13.346 sec.
@I [HLS-100] Command "source C:/Users/Stavros/Imperial/2ndTerm/ADSD/Part2/git_files/CORDIC_design/cordic_hls/solution1/.autopilot/db/coshsinh_cordic.tbgen.tcl "
@I [HLS-100] Command 'ap_source' returned 0; elapsed 0.001Total elapsed time: 13.347 sec.
@I [HLS-100] Command "source C:/Users/Stavros/Imperial/2ndTerm/ADSD/Part2/git_files/CORDIC_design/cordic_hls/solution1/.autopilot/db/coshsinh_cordic.tbgen.tcl "
@I [HLS-100] Command 'ap_source' returned 0; elapsed 0.001Total elapsed time: 13.349 sec.
@I [HLS-100] Command "source C:/Users/Stavros/Imperial/2ndTerm/ADSD/Part2/git_files/CORDIC_design/cordic_hls/solution1/.autopilot/db/coshsinh_cordic.tbgen.tcl "
@I [HLS-100] Command 'ap_source' returned 0; elapsed 0.002Total elapsed time: 13.352 sec.
@I [HLS-100] Command "source C:/Users/Stavros/Imperial/2ndTerm/ADSD/Part2/git_files/CORDIC_design/cordic_hls/solution1/.autopilot/db/coshsinh_cordic.tbgen.tcl "
@I [HLS-100] Command 'ap_source' returned 0; elapsed 0.001Total elapsed time: 13.355 sec.
@I [HLS-100] Command "source C:/Users/Stavros/Imperial/2ndTerm/ADSD/Part2/git_files/CORDIC_design/cordic_hls/solution1/.autopilot/db/coshsinh_cordic.tbgen.tcl "
@I [HLS-100] Command 'ap_source' returned 0; elapsed 0.001Total elapsed time: 13.358 sec.
@I [HLS-100] Command "source C:/Users/Stavros/Imperial/2ndTerm/ADSD/Part2/git_files/CORDIC_design/cordic_hls/solution1/.autopilot/db/coshsinh_cordic.tbgen.tcl "
@I [HLS-100] Command 'ap_source' returned 0; elapsed 0.001Total elapsed time: 13.361 sec.
@I [HLS-100] Command "source C:/Users/Stavros/Imperial/2ndTerm/ADSD/Part2/git_files/CORDIC_design/cordic_hls/solution1/.autopilot/db/coshsinh_cordic.tbgen.tcl "
@I [HLS-100] Command 'ap_source' returned 0; elapsed 0.001Total elapsed time: 13.362 sec.
@I [HLS-100] Command "source C:/Users/Stavros/Imperial/2ndTerm/ADSD/Part2/git_files/CORDIC_design/cordic_hls/solution1/.autopilot/db/coshsinh_cordic.tbgen.tcl "
@I [HLS-100] Command 'ap_source' returned 0; elapsed 0.001Total elapsed time: 13.363 sec.
@I [HLS-100] Command "source C:/Users/Stavros/Imperial/2ndTerm/ADSD/Part2/git_files/CORDIC_design/cordic_hls/solution1/.autopilot/db/coshsinh_cordic.tbgen.tcl "
@I [HLS-100] Command 'ap_source' returned 0; elapsed 0.001Total elapsed time: 13.394 sec.
@I [HLS-100] Command "source C:/Users/Stavros/Imperial/2ndTerm/ADSD/Part2/git_files/CORDIC_design/cordic_hls/solution1/.autopilot/db/coshsinh_cordic.tbgen.tcl "
@I [HLS-100] Command 'ap_source' returned 0; elapsed 0.004Total elapsed time: 13.402 sec.
@I [HLS-100] Command "source C:/Users/Stavros/Imperial/2ndTerm/ADSD/Part2/git_files/CORDIC_design/cordic_hls/solution1/.autopilot/db/coshsinh_cordic.tbgen.tcl "
@I [HLS-100] Command 'ap_source' returned 0; elapsed 0.001Total elapsed time: 13.404 sec.
@I [HLS-100] Command "source C:/Users/Stavros/Imperial/2ndTerm/ADSD/Part2/git_files/CORDIC_design/cordic_hls/solution1/.autopilot/db/coshsinh_cordic.tbgen.tcl "
@I [HLS-100] Command 'ap_source' returned 0; elapsed 0.003Total elapsed time: 13.406 sec.
@I [HLS-100] Command "source C:/Users/Stavros/Imperial/2ndTerm/ADSD/Part2/git_files/CORDIC_design/cordic_hls/solution1/.autopilot/db/coshsinh_cordic.tbgen.tcl "
@I [HLS-100] Command 'ap_source' returned 0; elapsed 0.001Total elapsed time: 13.408 sec.
@I [HLS-100] Command "source ../tv/cdatafile/ref.tcl "
@I [HLS-100] Command 'ap_source' returned 0; elapsed 0.002Total elapsed time: 13.409 sec.
@I [HLS-100] Command "source C:/Users/Stavros/Imperial/2ndTerm/ADSD/Part2/git_files/CORDIC_design/cordic_hls/solution1/.autopilot/db/coshsinh_cordic.tbgen.tcl "
@I [HLS-100] Command 'ap_source' returned 0; elapsed 0.001Total elapsed time: 13.410 sec.
@I [HLS-100] Command "source C:/Users/Stavros/Imperial/2ndTerm/ADSD/Part2/git_files/CORDIC_design/cordic_hls/solution1/.autopilot/db/coshsinh_cordic.tbgen.tcl "
@I [HLS-100] Command 'ap_source' returned 0; elapsed 0.001Total elapsed time: 13.412 sec.
@I [HLS-100] Command "source C:/Users/Stavros/Imperial/2ndTerm/ADSD/Part2/git_files/CORDIC_design/cordic_hls/solution1/.autopilot/db/coshsinh_cordic.tbgen.tcl "
@I [HLS-100] Command 'ap_source' returned 0; elapsed 0.001Total elapsed time: 13.413 sec.
@I [HLS-100] Command "source C:/Users/Stavros/Imperial/2ndTerm/ADSD/Part2/git_files/CORDIC_design/cordic_hls/solution1/.autopilot/db/coshsinh_cordic.tbgen.tcl "
@I [HLS-100] Command 'ap_source' returned 0; elapsed 0.001Total elapsed time: 13.415 sec.
@I [HLS-100] Command "source C:/Users/Stavros/Imperial/2ndTerm/ADSD/Part2/git_files/CORDIC_design/cordic_hls/solution1/.autopilot/db/coshsinh_cordic.tbgen.tcl "
@I [HLS-100] Command 'ap_source' returned 0; elapsed 0.001Total elapsed time: 13.417 sec.
@I [HLS-100] Command "source C:/Users/Stavros/Imperial/2ndTerm/ADSD/Part2/git_files/CORDIC_design/cordic_hls/solution1/.autopilot/db/coshsinh_cordic.tbgen.tcl "
@I [HLS-100] Command 'ap_source' returned 0; elapsed 0Total elapsed time: 13.419 sec.
@I [HLS-100] Command "source C:/Users/Stavros/Imperial/2ndTerm/ADSD/Part2/git_files/CORDIC_design/cordic_hls/solution1/.autopilot/db/coshsinh_cordic.tbgen.tcl "
@I [HLS-100] Command 'ap_source' returned 0; elapsed 0.001Total elapsed time: 13.423 sec.
@I [HLS-100] Command "source C:/Users/Stavros/Imperial/2ndTerm/ADSD/Part2/git_files/CORDIC_design/cordic_hls/solution1/.autopilot/db/coshsinh_cordic.tbgen.tcl "
@I [HLS-100] Command 'ap_source' returned 0; elapsed 0.001Total elapsed time: 13.424 sec.
@I [HLS-100] Command "source C:/Users/Stavros/Imperial/2ndTerm/ADSD/Part2/git_files/CORDIC_design/cordic_hls/solution1/.autopilot/db/coshsinh_cordic.tbgen.tcl "
@I [HLS-100] Command 'ap_source' returned 0; elapsed 0.001Total elapsed time: 13.425 sec.
@I [HLS-100] Command "source .run_sim.tcl "
@I [HLS-100] Command "source check_sim.tcl "
@I [HLS-100] Command 'ap_source' returned 0; elapsed 0.001Total elapsed time: 32.425 sec.
@I [HLS-100] Command "source .sim.status.tcl "
@I [HLS-100] Command 'ap_source' returned 0; elapsed 0.001Total elapsed time: 32.427 sec.
@I [COSIM-323] Starting verilog simulation. 
@I [COSIM-15] Starting XSIM ...
@I [COSIM-316] Starting C post checking ...
@I [HLS-100] Command 'ap_source' returned 0; elapsed 133.629Total elapsed time: 166.51 sec.
@I [COSIM-1000] *** C/RTL co-simulation finished: PASS ***
@I [HLS-100] Command 'cosim_design' returned 0; elapsed 165.487Total elapsed time: 166.242 sec.
@I [HLS-100] Command 'ap_source' returned 0; elapsed 165.758Total elapsed time: 166.242 sec.
@I [HLS-100] Command "cleanup_all "
@I [HLS-100] Command 'cleanup_all' returned 0; elapsed 0Total elapsed time: 166.243 sec.
