Unable to capture context for thread 9668 in process 6700, can not generate back trace
Unable to capture context for thread 16120 in process 6700, can not generate back trace
Exception at PC 0x00007FFFA6B44008
Unable to capture context for thread 13680 in process 6700, can not generate back trace
Exception at PC 0x00007FFF5E60BB93
Printing stacktrace...

Unable to capture context for thread 13680 in process 6700, can not generate back trace
Exception at PC 0x00007FFFA6B44008
Exception at PC 0x00007FFFA6B44008
Exception at PC 0x00007FFFA6B44008
[0]  [0x00007FFF5E60BB93]
[1]  [0x00007FFF5E60BB93]
[2]  [0x00007FFF5E60B4A1]
[3]  [0x00007FFF5E60B3EF]
[4]  [0x00007FFF5E5F19FE]
[5]  [0x00007FFF5E5F0ED1]
[6]  [0x00007FFF5E5F0D76]
[7]  [0x00007FFF5E5979F6]
[8]  [0x00007FFF5E587AFB]
[9]  [0x00007FFF5E6AE90A]
[10]  [0x00007FFF5E6C9F87]
[11]  [0x00007FFF5E6CA05F]
[12] (BaseThreadInitThunk+0x14) [0x00007FFFA7E41FE4]
[13] (RtlUserThreadStart+0x21) [0x00007FFFAA64EFC1]
Done
Exception at PC 0x00007FFFA6B44008
Exception at PC 0x00007FFFA6B44008
Exception at PC 0x00007FFFA6B44008
Exception at PC 0x00007FFFA6B44008
Exception at PC 0x00007FFFA6B44008
Exception at PC 0x00007FFFA6B44008
Exception at PC 0x00007FFFA6B44008
Exception at PC 0x00007FFFA6B44008
Exception at PC 0x00007FFFA6B44008
Exception at PC 0x00007FFFA6B44008
Exception at PC 0x00007FFFA6B44008
Exception at PC 0x00007FFFA6B44008
Exception at PC 0x00007FFFA6B44008
Exception at PC 0x00007FFFA6B44008
