   Compiling ../../../../cordic_tb.cpp in debug mode
   Generating csim.exe
angle = 0
-0.0238456 0
angle = 0.255978
0.223621 0.25053
angle = 0.462117
0.411807 0.431808
angle = 0.480473
0.460915 0.446622
angle = 0.655794
0.555692 0.575558
angle = 0.761594
0.636187 0.642015
angle = 0.780714
0.636187 0.653117
angle = 0.917152
0.738265 0.724547
angle = 0.964028
0.739154 0.746068
angle = 0.995055
0.765472 0.759509
angle = 0.996272
0.765472 0.760024
angle = 0.999329
0.765472 0.761312
angle = 0.999909
0.765472 0.761556
Comparing against output data 
*******************************************
PASS: The output matches the golden output!
*******************************************
INFO: [SIM 1] CSim done with 0 errors.
