#-----------------------------------------------------------
# Vivado v2016.2 (64-bit)
# SW Build 1577090 on Thu Jun  2 16:32:40 MDT 2016
# IP Build 1577682 on Fri Jun  3 12:00:54 MDT 2016
# Start of session at: Wed Feb 21 03:23:52 2018
# Process ID: 13772
# Current directory: C:/Users/Stavros/Imperial/2ndTerm/ADSD/Part2/git_files/CORDIC_design/cordic_hls/solution1/.autopilot/db/ip_tmp
# Command line: vivado.exe  -notrace -mode batch -source run_vivado.tcl
# Log file: C:/Users/Stavros/Imperial/2ndTerm/ADSD/Part2/git_files/CORDIC_design/cordic_hls/solution1/.autopilot/db/ip_tmp/vivado.log
# Journal file: C:/Users/Stavros/Imperial/2ndTerm/ADSD/Part2/git_files/CORDIC_design/cordic_hls/solution1/.autopilot/db/ip_tmp\vivado.jou
#-----------------------------------------------------------
source run_vivado.tcl -notrace
INFO: [ProjectBase 1-489] The host OS only allows 260 characters in a normal path. The project is stored in a path with more than 80 characters. If you experience issues with IP, Block Designs, or files not being found, please consider moving the project to a location with a shorter path. Alternately consider using the OS subst command to map part of the path to a drive letter.
Current project path is 'C:/Users/Stavros/Imperial/2ndTerm/ADSD/Part2/git_files/CORDIC_design/cordic_hls/solution1/.autopilot/db/ip_tmp'
INFO: [IP_Flow 19-234] Refreshing IP repositories
INFO: [IP_Flow 19-1704] No user IP repositories specified
INFO: [IP_Flow 19-2313] Loaded Vivado IP repository 'C:/Xilinx/Vivado/2016.2/data/ip'.
INFO: [IP_Flow 19-1686] Generating 'Synthesis' target for IP 'coshsinh_cordic_ap_dadddsub_3_full_dsp_64'...
INFO: [IP_Flow 19-1686] Generating 'Simulation' target for IP 'coshsinh_cordic_ap_dadddsub_3_full_dsp_64'...
INFO: [IP_Flow 19-1686] Generating 'Synthesis' target for IP 'coshsinh_cordic_ap_dadd_3_full_dsp_64'...
INFO: [IP_Flow 19-1686] Generating 'Simulation' target for IP 'coshsinh_cordic_ap_dadd_3_full_dsp_64'...
INFO: [IP_Flow 19-1686] Generating 'Synthesis' target for IP 'coshsinh_cordic_ap_dcmp_0_no_dsp_64'...
INFO: [IP_Flow 19-1686] Generating 'Simulation' target for IP 'coshsinh_cordic_ap_dcmp_0_no_dsp_64'...
INFO: [IP_Flow 19-1686] Generating 'Synthesis' target for IP 'coshsinh_cordic_ap_dmul_4_max_dsp_64'...
INFO: [IP_Flow 19-1686] Generating 'Simulation' target for IP 'coshsinh_cordic_ap_dmul_4_max_dsp_64'...
INFO: [Common 17-206] Exiting Vivado at Wed Feb 21 03:24:08 2018...
